📊 全量股票: 5370 只 | 已有缓存: 754 只 | 待下载: 4684 只
  📈 进度: 20/4684 (下载20 跳过0 失败0) [0.6只/s, ETA 127min]
  📈 进度: 40/4684 (下载40 跳过0 失败0) [0.6只/s, ETA 126min]
  📈 进度: 60/4684 (下载60 跳过0 失败0) [0.6只/s, ETA 126min]
  📈 进度: 80/4684 (下载80 跳过0 失败0) [0.6只/s, ETA 125min]
  📈 进度: 100/4684 (下载100 跳过0 失败0) [0.6只/s, ETA 123min]
  📈 进度: 120/4684 (下载120 跳过0 失败0) [0.6只/s, ETA 122min]
  📈 进度: 140/4684 (下载140 跳过0 失败0) [0.6只/s, ETA 122min]
  📈 进度: 160/4684 (下载160 跳过0 失败0) [0.6只/s, ETA 121min]
  📈 进度: 180/4684 (下载180 跳过0 失败0) [0.6只/s, ETA 121min]
  📈 进度: 200/4684 (下载200 跳过0 失败0) [0.6只/s, ETA 120min]
  📈 进度: 220/4684 (下载220 跳过0 失败0) [0.6只/s, ETA 120min]
  📈 进度: 240/4684 (下载240 跳过0 失败0) [0.6只/s, ETA 119min]
  📈 进度: 260/4684 (下载260 跳过0 失败0) [0.6只/s, ETA 119min]
  📈 进度: 280/4684 (下载280 跳过0 失败0) [0.6只/s, ETA 118min]
  📈 进度: 300/4684 (下载300 跳过0 失败0) [0.6只/s, ETA 118min]
  📈 进度: 320/4684 (下载320 跳过0 失败0) [0.6只/s, ETA 117min]
  📈 进度: 340/4684 (下载340 跳过0 失败0) [0.6只/s, ETA 116min]
  ⚠️ sh600588 数据不足 (0 行)
  📈 进度: 360/4684 (下载359 跳过0 失败1) [0.6只/s, ETA 118min]
  📈 进度: 380/4684 (下载379 跳过0 失败1) [0.6只/s, ETA 117min]
  📈 进度: 400/4684 (下载399 跳过0 失败1) [0.6只/s, ETA 116min]
  📈 进度: 420/4684 (下载419 跳过0 失败1) [0.6只/s, ETA 116min]
  📈 进度: 440/4684 (下载439 跳过0 失败1) [0.6只/s, ETA 115min]
  📈 进度: 460/4684 (下载459 跳过0 失败1) [0.6只/s, ETA 114min]
  📈 进度: 480/4684 (下载479 跳过0 失败1) [0.6只/s, ETA 114min]
  📈 进度: 500/4684 (下载499 跳过0 失败1) [0.6只/s, ETA 113min]
  📈 进度: 520/4684 (下载519 跳过0 失败1) [0.6只/s, ETA 112min]
  📈 进度: 540/4684 (下载539 跳过0 失败1) [0.6只/s, ETA 112min]
  📈 进度: 560/4684 (下载559 跳过0 失败1) [0.6只/s, ETA 111min]
  📈 进度: 580/4684 (下载579 跳过0 失败1) [0.6只/s, ETA 111min]
  📈 进度: 600/4684 (下载599 跳过0 失败1) [0.6只/s, ETA 110min]
  📈 进度: 620/4684 (下载619 跳过0 失败1) [0.6只/s, ETA 109min]
  📈 进度: 640/4684 (下载639 跳过0 失败1) [0.6只/s, ETA 109min]
  📈 进度: 660/4684 (下载659 跳过0 失败1) [0.6只/s, ETA 108min]
  📈 进度: 680/4684 (下载679 跳过0 失败1) [0.6只/s, ETA 107min]
  📈 进度: 700/4684 (下载699 跳过0 失败1) [0.6只/s, ETA 107min]
  📈 进度: 720/4684 (下载719 跳过0 失败1) [0.6只/s, ETA 106min]
  📈 进度: 740/4684 (下载739 跳过0 失败1) [0.6只/s, ETA 106min]
  📈 进度: 760/4684 (下载759 跳过0 失败1) [0.6只/s, ETA 105min]
  📈 进度: 780/4684 (下载779 跳过0 失败1) [0.6只/s, ETA 104min]
  📈 进度: 800/4684 (下载799 跳过0 失败1) [0.6只/s, ETA 104min]
  📈 进度: 820/4684 (下载819 跳过0 失败1) [0.6只/s, ETA 103min]
  📈 进度: 840/4684 (下载839 跳过0 失败1) [0.6只/s, ETA 102min]
  📈 进度: 860/4684 (下载859 跳过0 失败1) [0.6只/s, ETA 102min]
  📈 进度: 880/4684 (下载879 跳过0 失败1) [0.6只/s, ETA 101min]
  📈 进度: 900/4684 (下载899 跳过0 失败1) [0.6只/s, ETA 101min]
  📈 进度: 920/4684 (下载919 跳过0 失败1) [0.6只/s, ETA 100min]
  📈 进度: 940/4684 (下载939 跳过0 失败1) [0.6只/s, ETA 99min]
  📈 进度: 960/4684 (下载959 跳过0 失败1) [0.6只/s, ETA 99min]
  📈 进度: 980/4684 (下载979 跳过0 失败1) [0.6只/s, ETA 98min]
  📈 进度: 1000/4684 (下载999 跳过0 失败1) [0.6只/s, ETA 97min]
  📈 进度: 1020/4684 (下载1019 跳过0 失败1) [0.6只/s, ETA 96min]
  📈 进度: 1040/4684 (下载1039 跳过0 失败1) [0.6只/s, ETA 96min]
  📈 进度: 1060/4684 (下载1059 跳过0 失败1) [0.6只/s, ETA 95min]
  ⚠️ sh603300 数据不足 (0 行)
  📈 进度: 1080/4684 (下载1078 跳过0 失败2) [0.6只/s, ETA 94min]
  📈 进度: 1100/4684 (下载1098 跳过0 失败2) [0.6只/s, ETA 94min]
  📈 进度: 1120/4684 (下载1118 跳过0 失败2) [0.6只/s, ETA 93min]
  ⚠️ sh603373 数据不足 (0 行)
  📈 进度: 1140/4684 (下载1137 跳过0 失败3) [0.6只/s, ETA 93min]
  ⚠️ sh603395 数据不足 (0 行)
  ⚠️ sh603435 数据不足 (26 行)
  📈 进度: 1160/4684 (下载1155 跳过0 失败5) [0.6只/s, ETA 92min]
  📈 进度: 1180/4684 (下载1175 跳过0 失败5) [0.6只/s, ETA 91min]
  📈 进度: 1200/4684 (下载1195 跳过0 失败5) [0.6只/s, ETA 91min]
  📈 进度: 1220/4684 (下载1215 跳过0 失败5) [0.6只/s, ETA 90min]
  📈 进度: 1240/4684 (下载1235 跳过0 失败5) [0.6只/s, ETA 90min]
  📈 进度: 1260/4684 (下载1255 跳过0 失败5) [0.6只/s, ETA 89min]
  📈 进度: 1280/4684 (下载1275 跳过0 失败5) [0.6只/s, ETA 89min]
  📈 进度: 1300/4684 (下载1295 跳过0 失败5) [0.6只/s, ETA 88min]
  📈 进度: 1320/4684 (下载1315 跳过0 失败5) [0.6只/s, ETA 88min]
  📈 进度: 1340/4684 (下载1335 跳过0 失败5) [0.6只/s, ETA 87min]
  📈 进度: 1360/4684 (下载1355 跳过0 失败5) [0.6只/s, ETA 87min]
  📈 进度: 1380/4684 (下载1375 跳过0 失败5) [0.6只/s, ETA 86min]
  📈 进度: 1400/4684 (下载1395 跳过0 失败5) [0.6只/s, ETA 86min]
  📈 进度: 1420/4684 (下载1415 跳过0 失败5) [0.6只/s, ETA 85min]
  📈 进度: 1440/4684 (下载1435 跳过0 失败5) [0.6只/s, ETA 84min]
  📈 进度: 1460/4684 (下载1455 跳过0 失败5) [0.6只/s, ETA 84min]
  📈 进度: 1480/4684 (下载1475 跳过0 失败5) [0.6只/s, ETA 83min]
  📈 进度: 1500/4684 (下载1495 跳过0 失败5) [0.6只/s, ETA 82min]
  📈 进度: 1520/4684 (下载1515 跳过0 失败5) [0.6只/s, ETA 82min]
  📈 进度: 1540/4684 (下载1535 跳过0 失败5) [0.6只/s, ETA 81min]
  📈 进度: 1560/4684 (下载1555 跳过0 失败5) [0.6只/s, ETA 81min]
  📈 进度: 1580/4684 (下载1575 跳过0 失败5) [0.6只/s, ETA 80min]
  📈 进度: 1600/4684 (下载1595 跳过0 失败5) [0.6只/s, ETA 80min]
  📈 进度: 1620/4684 (下载1615 跳过0 失败5) [0.6只/s, ETA 79min]
  📈 进度: 1640/4684 (下载1635 跳过0 失败5) [0.6只/s, ETA 79min]
  📈 进度: 1660/4684 (下载1655 跳过0 失败5) [0.6只/s, ETA 78min]
  📈 进度: 1680/4684 (下载1675 跳过0 失败5) [0.6只/s, ETA 78min]
  📈 进度: 1700/4684 (下载1695 跳过0 失败5) [0.6只/s, ETA 77min]
  📈 进度: 1720/4684 (下载1715 跳过0 失败5) [0.6只/s, ETA 77min]
  📈 进度: 1740/4684 (下载1735 跳过0 失败5) [0.6只/s, ETA 76min]
  📈 进度: 1760/4684 (下载1755 跳过0 失败5) [0.6只/s, ETA 76min]
  📈 进度: 1780/4684 (下载1775 跳过0 失败5) [0.6只/s, ETA 75min]
  📈 进度: 1800/4684 (下载1795 跳过0 失败5) [0.6只/s, ETA 75min]
  📈 进度: 1820/4684 (下载1815 跳过0 失败5) [0.6只/s, ETA 74min]
  📈 进度: 1840/4684 (下载1835 跳过0 失败5) [0.6只/s, ETA 74min]
  📈 进度: 1860/4684 (下载1855 跳过0 失败5) [0.6只/s, ETA 73min]
  📈 进度: 1880/4684 (下载1875 跳过0 失败5) [0.6只/s, ETA 73min]
  📈 进度: 1900/4684 (下载1895 跳过0 失败5) [0.6只/s, ETA 72min]
  📈 进度: 1920/4684 (下载1915 跳过0 失败5) [0.6只/s, ETA 72min]
  📈 进度: 1940/4684 (下载1934 跳过0 失败6) [0.6只/s, ETA 71min]
  📈 进度: 1960/4684 (下载1954 跳过0 失败6) [0.6只/s, ETA 71min]
  📈 进度: 1980/4684 (下载1974 跳过0 失败6) [0.6只/s, ETA 70min]
  📈 进度: 2000/4684 (下载1993 跳过0 失败7) [0.6只/s, ETA 69min]
  📈 进度: 2020/4684 (下载2013 跳过0 失败7) [0.6只/s, ETA 69min]
  📈 进度: 2040/4684 (下载2033 跳过0 失败7) [0.6只/s, ETA 68min]
  📈 进度: 2060/4684 (下载2053 跳过0 失败7) [0.6只/s, ETA 68min]
  📈 进度: 2080/4684 (下载2073 跳过0 失败7) [0.6只/s, ETA 67min]
  📈 进度: 2100/4684 (下载2093 跳过0 失败7) [0.6只/s, ETA 67min]
  📈 进度: 2120/4684 (下载2113 跳过0 失败7) [0.6只/s, ETA 66min]
  📈 进度: 2140/4684 (下载2133 跳过0 失败7) [0.6只/s, ETA 66min]
  📈 进度: 2160/4684 (下载2153 跳过0 失败7) [0.6只/s, ETA 65min]
  📈 进度: 2180/4684 (下载2173 跳过0 失败7) [0.6只/s, ETA 65min]
  📈 进度: 2200/4684 (下载2193 跳过0 失败7) [0.6只/s, ETA 64min]
  📈 进度: 2220/4684 (下载2213 跳过0 失败7) [0.6只/s, ETA 64min]
  📈 进度: 2240/4684 (下载2233 跳过0 失败7) [0.6只/s, ETA 63min]
  📈 进度: 2260/4684 (下载2252 跳过0 失败8) [0.6只/s, ETA 63min]
  📈 进度: 2280/4684 (下载2271 跳过0 失败9) [0.6只/s, ETA 62min]
  📈 进度: 2300/4684 (下载2291 跳过0 失败9) [0.6只/s, ETA 62min]
  📈 进度: 2320/4684 (下载2311 跳过0 失败9) [0.6只/s, ETA 61min]
  📈 进度: 2340/4684 (下载2331 跳过0 失败9) [0.6只/s, ETA 61min]
  📈 进度: 2360/4684 (下载2351 跳过0 失败9) [0.6只/s, ETA 60min]
  📈 进度: 2380/4684 (下载2371 跳过0 失败9) [0.6只/s, ETA 60min]
  📈 进度: 2400/4684 (下载2391 跳过0 失败9) [0.6只/s, ETA 59min]
  📈 进度: 2420/4684 (下载2411 跳过0 失败9) [0.6只/s, ETA 59min]
  📈 进度: 2440/4684 (下载2431 跳过0 失败9) [0.6只/s, ETA 58min]
  📈 进度: 2460/4684 (下载2451 跳过0 失败9) [0.6只/s, ETA 58min]
  📈 进度: 2480/4684 (下载2471 跳过0 失败9) [0.6只/s, ETA 57min]
  📈 进度: 2500/4684 (下载2491 跳过0 失败9) [0.6只/s, ETA 57min]
  📈 进度: 2520/4684 (下载2511 跳过0 失败9) [0.6只/s, ETA 56min]
  📈 进度: 2540/4684 (下载2531 跳过0 失败9) [0.6只/s, ETA 56min]
  📈 进度: 2560/4684 (下载2551 跳过0 失败9) [0.6只/s, ETA 55min]
  📈 进度: 2580/4684 (下载2571 跳过0 失败9) [0.6只/s, ETA 55min]
  📈 进度: 2600/4684 (下载2591 跳过0 失败9) [0.6只/s, ETA 54min]
  📈 进度: 2620/4684 (下载2611 跳过0 失败9) [0.6只/s, ETA 54min]
  📈 进度: 2640/4684 (下载2631 跳过0 失败9) [0.6只/s, ETA 53min]
  📈 进度: 2660/4684 (下载2651 跳过0 失败9) [0.6只/s, ETA 53min]
  📈 进度: 2680/4684 (下载2671 跳过0 失败9) [0.6只/s, ETA 52min]
  📈 进度: 2700/4684 (下载2691 跳过0 失败9) [0.6只/s, ETA 52min]
  📈 进度: 2720/4684 (下载2711 跳过0 失败9) [0.6只/s, ETA 51min]
  📈 进度: 2740/4684 (下载2731 跳过0 失败9) [0.6只/s, ETA 51min]
  📈 进度: 2760/4684 (下载2751 跳过0 失败9) [0.6只/s, ETA 50min]
  📈 进度: 2780/4684 (下载2771 跳过0 失败9) [0.6只/s, ETA 50min]
  📈 进度: 2800/4684 (下载2791 跳过0 失败9) [0.6只/s, ETA 49min]
  📈 进度: 2820/4684 (下载2811 跳过0 失败9) [0.6只/s, ETA 48min]
  📈 进度: 2840/4684 (下载2831 跳过0 失败9) [0.6只/s, ETA 48min]
  📈 进度: 2860/4684 (下载2851 跳过0 失败9) [0.6只/s, ETA 47min]
  📈 进度: 2880/4684 (下载2871 跳过0 失败9) [0.6只/s, ETA 47min]
  📈 进度: 2900/4684 (下载2891 跳过0 失败9) [0.6只/s, ETA 46min]
  📈 进度: 2920/4684 (下载2911 跳过0 失败9) [0.6只/s, ETA 46min]
  📈 进度: 2940/4684 (下载2931 跳过0 失败9) [0.6只/s, ETA 45min]
  📈 进度: 2960/4684 (下载2951 跳过0 失败9) [0.6只/s, ETA 45min]
  📈 进度: 2980/4684 (下载2970 跳过0 失败10) [0.6只/s, ETA 44min]
  📈 进度: 3000/4684 (下载2990 跳过0 失败10) [0.6只/s, ETA 44min]
  📈 进度: 3020/4684 (下载3010 跳过0 失败10) [0.6只/s, ETA 43min]
  📈 进度: 3040/4684 (下载3030 跳过0 失败10) [0.6只/s, ETA 43min]
  📈 进度: 3060/4684 (下载3050 跳过0 失败10) [0.6只/s, ETA 42min]
  📈 进度: 3080/4684 (下载3070 跳过0 失败10) [0.6只/s, ETA 42min]
  📈 进度: 3100/4684 (下载3090 跳过0 失败10) [0.6只/s, ETA 41min]
  📈 进度: 3120/4684 (下载3110 跳过0 失败10) [0.6只/s, ETA 41min]
  📈 进度: 3140/4684 (下载3130 跳过0 失败10) [0.6只/s, ETA 40min]
  📈 进度: 3160/4684 (下载3150 跳过0 失败10) [0.6只/s, ETA 40min]
  📈 进度: 3180/4684 (下载3170 跳过0 失败10) [0.6只/s, ETA 39min]
  📈 进度: 3200/4684 (下载3190 跳过0 失败10) [0.6只/s, ETA 39min]
  📈 进度: 3220/4684 (下载3210 跳过0 失败10) [0.6只/s, ETA 38min]
  📈 进度: 3240/4684 (下载3230 跳过0 失败10) [0.6只/s, ETA 38min]
  📈 进度: 3260/4684 (下载3249 跳过0 失败11) [0.6只/s, ETA 37min]
  📈 进度: 3280/4684 (下载3269 跳过0 失败11) [0.6只/s, ETA 37min]
  📈 进度: 3300/4684 (下载3289 跳过0 失败11) [0.6只/s, ETA 36min]
  📈 进度: 3320/4684 (下载3309 跳过0 失败11) [0.6只/s, ETA 36min]
  📈 进度: 3340/4684 (下载3329 跳过0 失败11) [0.6只/s, ETA 35min]
  📈 进度: 3360/4684 (下载3349 跳过0 失败11) [0.6只/s, ETA 35min]
  📈 进度: 3380/4684 (下载3369 跳过0 失败11) [0.6只/s, ETA 34min]
  📈 进度: 3400/4684 (下载3389 跳过0 失败11) [0.6只/s, ETA 34min]
  📈 进度: 3420/4684 (下载3409 跳过0 失败11) [0.6只/s, ETA 33min]
  📈 进度: 3440/4684 (下载3429 跳过0 失败11) [0.6只/s, ETA 33min]
  📈 进度: 3460/4684 (下载3449 跳过0 失败11) [0.6只/s, ETA 32min]
  📈 进度: 3480/4684 (下载3469 跳过0 失败11) [0.6只/s, ETA 32min]
  📈 进度: 3500/4684 (下载3489 跳过0 失败11) [0.6只/s, ETA 31min]
  📈 进度: 3520/4684 (下载3509 跳过0 失败11) [0.6只/s, ETA 30min]
  📈 进度: 3540/4684 (下载3529 跳过0 失败11) [0.6只/s, ETA 30min]
  📈 进度: 3560/4684 (下载3549 跳过0 失败11) [0.6只/s, ETA 29min]
  📈 进度: 3580/4684 (下载3569 跳过0 失败11) [0.6只/s, ETA 29min]
  📈 进度: 3600/4684 (下载3589 跳过0 失败11) [0.6只/s, ETA 28min]
  📈 进度: 3620/4684 (下载3609 跳过0 失败11) [0.6只/s, ETA 28min]
  📈 进度: 3640/4684 (下载3629 跳过0 失败11) [0.6只/s, ETA 27min]
  📈 进度: 3660/4684 (下载3649 跳过0 失败11) [0.6只/s, ETA 27min]
  📈 进度: 3680/4684 (下载3669 跳过0 失败11) [0.6只/s, ETA 26min]
  📈 进度: 3700/4684 (下载3689 跳过0 失败11) [0.6只/s, ETA 26min]
  📈 进度: 3720/4684 (下载3709 跳过0 失败11) [0.6只/s, ETA 25min]
  📈 进度: 3740/4684 (下载3729 跳过0 失败11) [0.6只/s, ETA 25min]
  📈 进度: 3760/4684 (下载3749 跳过0 失败11) [0.6只/s, ETA 24min]
  📈 进度: 3780/4684 (下载3769 跳过0 失败11) [0.6只/s, ETA 24min]
  📈 进度: 3800/4684 (下载3789 跳过0 失败11) [0.6只/s, ETA 23min]
  📈 进度: 3820/4684 (下载3809 跳过0 失败11) [0.6只/s, ETA 22min]
  📈 进度: 3840/4684 (下载3829 跳过0 失败11) [0.6只/s, ETA 22min]
  📈 进度: 3860/4684 (下载3849 跳过0 失败11) [0.6只/s, ETA 21min]
  📈 进度: 3880/4684 (下载3869 跳过0 失败11) [0.6只/s, ETA 21min]
  📈 进度: 3900/4684 (下载3889 跳过0 失败11) [0.6只/s, ETA 20min]
  📈 进度: 3920/4684 (下载3909 跳过0 失败11) [0.6只/s, ETA 20min]
  📈 进度: 3940/4684 (下载3929 跳过0 失败11) [0.6只/s, ETA 19min]
  📈 进度: 3960/4684 (下载3949 跳过0 失败11) [0.6只/s, ETA 19min]
  📈 进度: 3980/4684 (下载3969 跳过0 失败11) [0.6只/s, ETA 18min]
  📈 进度: 4000/4684 (下载3989 跳过0 失败11) [0.6只/s, ETA 18min]
  📈 进度: 4020/4684 (下载4009 跳过0 失败11) [0.6只/s, ETA 17min]
  📈 进度: 4040/4684 (下载4029 跳过0 失败11) [0.6只/s, ETA 17min]
  📈 进度: 4060/4684 (下载4049 跳过0 失败11) [0.6只/s, ETA 16min]
  📈 进度: 4080/4684 (下载4069 跳过0 失败11) [0.6只/s, ETA 16min]
  📈 进度: 4100/4684 (下载4089 跳过0 失败11) [0.6只/s, ETA 15min]
  📈 进度: 4120/4684 (下载4108 跳过0 失败12) [0.6只/s, ETA 15min]
  📈 进度: 4140/4684 (下载4128 跳过0 失败12) [0.6只/s, ETA 14min]
  📈 进度: 4160/4684 (下载4148 跳过0 失败12) [0.6只/s, ETA 13min]
  📈 进度: 4180/4684 (下载4168 跳过0 失败12) [0.6只/s, ETA 13min]
  📈 进度: 4200/4684 (下载4188 跳过0 失败12) [0.6只/s, ETA 12min]
  📈 进度: 4220/4684 (下载4208 跳过0 失败12) [0.6只/s, ETA 12min]
  📈 进度: 4240/4684 (下载4228 跳过0 失败12) [0.6只/s, ETA 11min]
  📈 进度: 4260/4684 (下载4248 跳过0 失败12) [0.6只/s, ETA 11min]
  📈 进度: 4280/4684 (下载4268 跳过0 失败12) [0.6只/s, ETA 10min]
  📈 进度: 4300/4684 (下载4288 跳过0 失败12) [0.7只/s, ETA 10min]
  📈 进度: 4320/4684 (下载4308 跳过0 失败12) [0.7只/s, ETA 9min]
  📈 进度: 4340/4684 (下载4328 跳过0 失败12) [0.7只/s, ETA 9min]
  📈 进度: 4360/4684 (下载4348 跳过0 失败12) [0.7只/s, ETA 8min]
  📈 进度: 4380/4684 (下载4368 跳过0 失败12) [0.7只/s, ETA 8min]
  📈 进度: 4400/4684 (下载4388 跳过0 失败12) [0.7只/s, ETA 7min]
  📈 进度: 4420/4684 (下载4408 跳过0 失败12) [0.7只/s, ETA 7min]
  📈 进度: 4440/4684 (下载4428 跳过0 失败12) [0.7只/s, ETA 6min]
  📈 进度: 4460/4684 (下载4448 跳过0 失败12) [0.7只/s, ETA 6min]
  📈 进度: 4480/4684 (下载4468 跳过0 失败12) [0.7只/s, ETA 5min]
  📈 进度: 4500/4684 (下载4488 跳过0 失败12) [0.7只/s, ETA 5min]
  📈 进度: 4520/4684 (下载4508 跳过0 失败12) [0.7只/s, ETA 4min]
  📈 进度: 4540/4684 (下载4528 跳过0 失败12) [0.7只/s, ETA 4min]
  📈 进度: 4560/4684 (下载4548 跳过0 失败12) [0.7只/s, ETA 3min]
  📈 进度: 4580/4684 (下载4568 跳过0 失败12) [0.7只/s, ETA 3min]
  📈 进度: 4600/4684 (下载4587 跳过0 失败13) [0.7只/s, ETA 2min]
  📈 进度: 4620/4684 (下载4607 跳过0 失败13) [0.7只/s, ETA 2min]
  📈 进度: 4640/4684 (下载4627 跳过0 失败13) [0.7只/s, ETA 1min]
  📈 进度: 4660/4684 (下载4646 跳过0 失败14) [0.7只/s, ETA 1min]
  📈 进度: 4680/4684 (下载4666 跳过0 失败14) [0.7只/s, ETA 0min]
  📈 进度: 4684/4684 (下载4670 跳过0 失败14) [0.7只/s, ETA 0min]

============================================================
✅ 完成! 总耗时 118.9min
   下载: 4670 | 已有: 0 | 失败: 14
   数据目录: /Users/hejinyang/thinking_and_learning_with_AI/tools/backtest_mvp/data_cache
   总文件数: 5425
============================================================
